<?xml version="1.0" encoding="UTF-8"?>
<!-- Generated by org.testng.reporters.JUnitReportReporter -->
<testsuite hostname="TYSS-Shobha" failures="0" tests="1" name="demo.RadioButton" time="6.705" errors="0" timestamp="2024-06-26T14:05:59 IST" skipped="0">
  <testcase classname="demo.RadioButton" name="RadioButton" time="6.705"/>
</testsuite> <!-- demo.RadioButton -->
