<?xml version="1.0" encoding="UTF-8"?>
<!-- Generated by org.testng.reporters.JUnitReportReporter -->
<testsuite hostname="TYSS-Shobha" failures="0" tests="1" name="demo.AbsoluteXpathEx" time="1.400" errors="0" timestamp="2024-06-26T14:59:45 IST" skipped="0">
  <testcase classname="demo.AbsoluteXpathEx" name="AbsoluteXpathEx" time="1.400"/>
</testsuite> <!-- demo.AbsoluteXpathEx -->
