<?xml version="1.0" encoding="UTF-8"?>
<!-- Generated by org.testng.reporters.JUnitReportReporter -->
<testsuite hostname="TYSS-Shobha" failures="0" tests="5" name="testNG.SampleTest" time="0.017" errors="0" timestamp="2024-06-25T14:27:43 IST" skipped="0">
  <testcase classname="testNG.SampleTest" name="deleteContact" time="0.011"/>
  <testcase classname="testNG.SampleTest" name="modifyContact" time="0.001"/>
  <testcase classname="testNG.SampleTest" name="modifyContact" time="0.003"/>
  <testcase classname="testNG.SampleTest" name="modifyContact" time="0.001"/>
  <testcase classname="testNG.SampleTest" name="createContact" time="0.001"/>
</testsuite> <!-- testNG.SampleTest -->
